<?xml version="1.0" encoding="UTF-8"?>
<robot generator="Robot 6.1.1 (Python 3.11.3 on win32)" generated="20231219 17:39:58.069" rpa="false" schemaversion="4">
<suite id="s1" name="Automate-Test" source="C:\Users\Kadall\Pictures\smt7\Testing QA\automate-test">
<suite id="s1-s1" name="Project-Demo" source="C:\Users\Kadall\Pictures\smt7\Testing QA\automate-test\project-demo">
<suite id="s1-s1-s1" name="Test-Suite-1" source="C:\Users\Kadall\Pictures\smt7\Testing QA\automate-test\project-demo\test-suite-1.robot">
<test id="s1-s1-s1-t1" name="testcase-1" line="18">
<kw name="Login Success">
<kw name="Open Browser" library="SeleniumLibrary">
<arg>${HOST}</arg>
<arg>${BROWSER}</arg>
<doc>Opens a new browser instance to the optional ``url``.</doc>
<msg timestamp="20231219 17:39:58.631" level="INFO">Opening browser 'edge' to base url 'http://127.0.0.1/pujikom/login.php'.</msg>
<status status="PASS" starttime="20231219 17:39:58.630" endtime="20231219 17:40:04.576"/>
</kw>
<kw name="Page Should Contain Element" library="SeleniumLibrary">
<arg>xpath://input[@name='username']</arg>
<doc>Verifies that element ``locator`` is found on the current page.</doc>
<msg timestamp="20231219 17:40:04.650" level="INFO">Current page contains element 'xpath://input[@name='username']'.</msg>
<status status="PASS" starttime="20231219 17:40:04.579" endtime="20231219 17:40:04.652"/>
</kw>
<kw name="Input Text" library="SeleniumLibrary">
<arg>name:username</arg>
<arg>${EMAIL}</arg>
<doc>Types the given ``text`` into the text field identified by ``locator``.</doc>
<msg timestamp="20231219 17:40:04.652" level="INFO">Typing text 'admin' into text field 'name:username'.</msg>
<status status="PASS" starttime="20231219 17:40:04.652" endtime="20231219 17:40:05.171"/>
</kw>
<kw name="Input Text" library="SeleniumLibrary">
<arg>name:password</arg>
<arg>${PASS-1}</arg>
<doc>Types the given ``text`` into the text field identified by ``locator``.</doc>
<msg timestamp="20231219 17:40:05.180" level="INFO">Typing text 'admin' into text field 'name:password'.</msg>
<status status="PASS" starttime="20231219 17:40:05.171" endtime="20231219 17:40:05.606"/>
</kw>
<kw name="Click Element" library="SeleniumLibrary">
<arg>xpath://input[@type='submit']</arg>
<doc>Click the element identified by ``locator``.</doc>
<msg timestamp="20231219 17:40:05.606" level="INFO">Clicking element 'xpath://input[@type='submit']'.</msg>
<status status="PASS" starttime="20231219 17:40:05.606" endtime="20231219 17:40:05.828"/>
</kw>
<kw name="Page Should Contain Element" library="SeleniumLibrary">
<arg>xpath://a[@href='logout.php']</arg>
<doc>Verifies that element ``locator`` is found on the current page.</doc>
<msg timestamp="20231219 17:40:05.859" level="INFO">Current page contains element 'xpath://a[@href='logout.php']'.</msg>
<status status="PASS" starttime="20231219 17:40:05.828" endtime="20231219 17:40:05.860"/>
</kw>
<status status="PASS" starttime="20231219 17:39:58.630" endtime="20231219 17:40:05.860"/>
</kw>
<kw name="Close Browser" library="SeleniumLibrary">
<doc>Closes the current browser.</doc>
<status status="PASS" starttime="20231219 17:40:05.860" endtime="20231219 17:40:08.157"/>
</kw>
<status status="PASS" starttime="20231219 17:39:58.625" endtime="20231219 17:40:08.158"/>
</test>
<test id="s1-s1-s1-t2" name="testcase-2" line="23">
<kw name="Login Failure">
<kw name="Open Browser" library="SeleniumLibrary">
<arg>${HOST}</arg>
<arg>${BROWSER}</arg>
<doc>Opens a new browser instance to the optional ``url``.</doc>
<msg timestamp="20231219 17:40:08.182" level="INFO">Opening browser 'edge' to base url 'http://127.0.0.1/pujikom/login.php'.</msg>
<status status="PASS" starttime="20231219 17:40:08.177" endtime="20231219 17:40:14.057"/>
</kw>
<kw name="Page Should Contain Element" library="SeleniumLibrary">
<arg>xpath://input[@name='username']</arg>
<doc>Verifies that element ``locator`` is found on the current page.</doc>
<msg timestamp="20231219 17:40:14.095" level="INFO">Current page contains element 'xpath://input[@name='username']'.</msg>
<status status="PASS" starttime="20231219 17:40:14.057" endtime="20231219 17:40:14.095"/>
</kw>
<kw name="Input Text" library="SeleniumLibrary">
<arg>name:username</arg>
<arg>${EMAIL}</arg>
<doc>Types the given ``text`` into the text field identified by ``locator``.</doc>
<msg timestamp="20231219 17:40:14.099" level="INFO">Typing text 'admin' into text field 'name:username'.</msg>
<status status="PASS" starttime="20231219 17:40:14.095" endtime="20231219 17:40:14.293"/>
</kw>
<kw name="Input Text" library="SeleniumLibrary">
<arg>name:password</arg>
<arg>${PASS-2}</arg>
<doc>Types the given ``text`` into the text field identified by ``locator``.</doc>
<msg timestamp="20231219 17:40:14.293" level="INFO">Typing text 'kadall' into text field 'name:password'.</msg>
<status status="PASS" starttime="20231219 17:40:14.293" endtime="20231219 17:40:14.460"/>
</kw>
<kw name="Click Element" library="SeleniumLibrary">
<arg>xpath://input[@type='submit']</arg>
<doc>Click the element identified by ``locator``.</doc>
<msg timestamp="20231219 17:40:14.460" level="INFO">Clicking element 'xpath://input[@type='submit']'.</msg>
<status status="PASS" starttime="20231219 17:40:14.460" endtime="20231219 17:40:14.649"/>
</kw>
<kw name="Alert Should Be Present" library="SeleniumLibrary">
<arg>text=Login gagal! username dan password salah!</arg>
<doc>Verifies that an alert is present and by default, accepts it.</doc>
<msg timestamp="20231219 17:40:14.654" level="INFO">HANDLE::&lt;class 'NoneType'&gt;::None</msg>
<status status="PASS" starttime="20231219 17:40:14.649" endtime="20231219 17:40:14.662"/>
</kw>
<status status="PASS" starttime="20231219 17:40:08.174" endtime="20231219 17:40:14.662"/>
</kw>
<kw name="Close Browser" library="SeleniumLibrary">
<doc>Closes the current browser.</doc>
<status status="PASS" starttime="20231219 17:40:14.662" endtime="20231219 17:40:17.049"/>
</kw>
<status status="PASS" starttime="20231219 17:40:08.166" endtime="20231219 17:40:17.051"/>
</test>
<test id="s1-s1-s1-t3" name="testcase-3" line="28">
<kw name="Login Success">
<kw name="Open Browser" library="SeleniumLibrary">
<arg>${HOST}</arg>
<arg>${BROWSER}</arg>
<doc>Opens a new browser instance to the optional ``url``.</doc>
<msg timestamp="20231219 17:40:17.069" level="INFO">Opening browser 'edge' to base url 'http://127.0.0.1/pujikom/login.php'.</msg>
<status status="PASS" starttime="20231219 17:40:17.065" endtime="20231219 17:40:23.016"/>
</kw>
<kw name="Page Should Contain Element" library="SeleniumLibrary">
<arg>xpath://input[@name='username']</arg>
<doc>Verifies that element ``locator`` is found on the current page.</doc>
<msg timestamp="20231219 17:40:23.059" level="INFO">Current page contains element 'xpath://input[@name='username']'.</msg>
<status status="PASS" starttime="20231219 17:40:23.016" endtime="20231219 17:40:23.059"/>
</kw>
<kw name="Input Text" library="SeleniumLibrary">
<arg>name:username</arg>
<arg>${EMAIL}</arg>
<doc>Types the given ``text`` into the text field identified by ``locator``.</doc>
<msg timestamp="20231219 17:40:23.064" level="INFO">Typing text 'admin' into text field 'name:username'.</msg>
<status status="PASS" starttime="20231219 17:40:23.059" endtime="20231219 17:40:23.387"/>
</kw>
<kw name="Input Text" library="SeleniumLibrary">
<arg>name:password</arg>
<arg>${PASS-1}</arg>
<doc>Types the given ``text`` into the text field identified by ``locator``.</doc>
<msg timestamp="20231219 17:40:23.389" level="INFO">Typing text 'admin' into text field 'name:password'.</msg>
<status status="PASS" starttime="20231219 17:40:23.388" endtime="20231219 17:40:23.563"/>
</kw>
<kw name="Click Element" library="SeleniumLibrary">
<arg>xpath://input[@type='submit']</arg>
<doc>Click the element identified by ``locator``.</doc>
<msg timestamp="20231219 17:40:23.563" level="INFO">Clicking element 'xpath://input[@type='submit']'.</msg>
<status status="PASS" starttime="20231219 17:40:23.563" endtime="20231219 17:40:23.748"/>
</kw>
<kw name="Page Should Contain Element" library="SeleniumLibrary">
<arg>xpath://a[@href='logout.php']</arg>
<doc>Verifies that element ``locator`` is found on the current page.</doc>
<msg timestamp="20231219 17:40:23.773" level="INFO">Current page contains element 'xpath://a[@href='logout.php']'.</msg>
<status status="PASS" starttime="20231219 17:40:23.749" endtime="20231219 17:40:23.773"/>
</kw>
<status status="PASS" starttime="20231219 17:40:17.061" endtime="20231219 17:40:23.773"/>
</kw>
<kw name="Click Element" library="SeleniumLibrary">
<arg>xpath://button[@id='logout']</arg>
<doc>Click the element identified by ``locator``.</doc>
<msg timestamp="20231219 17:40:23.776" level="INFO">Clicking element 'xpath://button[@id='logout']'.</msg>
<status status="PASS" starttime="20231219 17:40:23.775" endtime="20231219 17:40:24.126"/>
</kw>
<kw name="Alert Should Be Present" library="SeleniumLibrary">
<arg>text=Anda telah berhasil logout</arg>
<doc>Verifies that an alert is present and by default, accepts it.</doc>
<msg timestamp="20231219 17:40:24.132" level="INFO">HANDLE::&lt;class 'NoneType'&gt;::None</msg>
<status status="PASS" starttime="20231219 17:40:24.128" endtime="20231219 17:40:24.154"/>
</kw>
<kw name="Close Browser" library="SeleniumLibrary">
<doc>Closes the current browser.</doc>
<status status="PASS" starttime="20231219 17:40:24.161" endtime="20231219 17:40:26.508"/>
</kw>
<status status="PASS" starttime="20231219 17:40:17.058" endtime="20231219 17:40:26.510"/>
</test>
<test id="s1-s1-s1-t4" name="testcase-4" line="35">
<kw name="Login Success">
<kw name="Open Browser" library="SeleniumLibrary">
<arg>${HOST}</arg>
<arg>${BROWSER}</arg>
<doc>Opens a new browser instance to the optional ``url``.</doc>
<msg timestamp="20231219 17:40:26.534" level="INFO">Opening browser 'edge' to base url 'http://127.0.0.1/pujikom/login.php'.</msg>
<status status="PASS" starttime="20231219 17:40:26.524" endtime="20231219 17:40:32.148"/>
</kw>
<kw name="Page Should Contain Element" library="SeleniumLibrary">
<arg>xpath://input[@name='username']</arg>
<doc>Verifies that element ``locator`` is found on the current page.</doc>
<msg timestamp="20231219 17:40:32.195" level="INFO">Current page contains element 'xpath://input[@name='username']'.</msg>
<status status="PASS" starttime="20231219 17:40:32.156" endtime="20231219 17:40:32.198"/>
</kw>
<kw name="Input Text" library="SeleniumLibrary">
<arg>name:username</arg>
<arg>${EMAIL}</arg>
<doc>Types the given ``text`` into the text field identified by ``locator``.</doc>
<msg timestamp="20231219 17:40:32.199" level="INFO">Typing text 'admin' into text field 'name:username'.</msg>
<status status="PASS" starttime="20231219 17:40:32.198" endtime="20231219 17:40:32.396"/>
</kw>
<kw name="Input Text" library="SeleniumLibrary">
<arg>name:password</arg>
<arg>${PASS-1}</arg>
<doc>Types the given ``text`` into the text field identified by ``locator``.</doc>
<msg timestamp="20231219 17:40:32.396" level="INFO">Typing text 'admin' into text field 'name:password'.</msg>
<status status="PASS" starttime="20231219 17:40:32.396" endtime="20231219 17:40:32.554"/>
</kw>
<kw name="Click Element" library="SeleniumLibrary">
<arg>xpath://input[@type='submit']</arg>
<doc>Click the element identified by ``locator``.</doc>
<msg timestamp="20231219 17:40:32.554" level="INFO">Clicking element 'xpath://input[@type='submit']'.</msg>
<status status="PASS" starttime="20231219 17:40:32.554" endtime="20231219 17:40:32.731"/>
</kw>
<kw name="Page Should Contain Element" library="SeleniumLibrary">
<arg>xpath://a[@href='logout.php']</arg>
<doc>Verifies that element ``locator`` is found on the current page.</doc>
<msg timestamp="20231219 17:40:32.753" level="INFO">Current page contains element 'xpath://a[@href='logout.php']'.</msg>
<status status="PASS" starttime="20231219 17:40:32.731" endtime="20231219 17:40:32.753"/>
</kw>
<status status="PASS" starttime="20231219 17:40:26.524" endtime="20231219 17:40:32.753"/>
</kw>
<kw name="Click Element" library="SeleniumLibrary">
<arg>xpath://a[@href='dosen/index.php']</arg>
<doc>Click the element identified by ``locator``.</doc>
<msg timestamp="20231219 17:40:32.753" level="INFO">Clicking element 'xpath://a[@href='dosen/index.php']'.</msg>
<status status="PASS" starttime="20231219 17:40:32.753" endtime="20231219 17:40:33.550"/>
</kw>
<kw name="Click Element" library="SeleniumLibrary">
<arg>xpath://a[@href='tampil_add.php']</arg>
<doc>Click the element identified by ``locator``.</doc>
<msg timestamp="20231219 17:40:33.550" level="INFO">Clicking element 'xpath://a[@href='tampil_add.php']'.</msg>
<status status="PASS" starttime="20231219 17:40:33.550" endtime="20231219 17:40:33.941"/>
</kw>
<kw name="Page Should Contain Element" library="SeleniumLibrary">
<arg>xpath://input[@name='nidn']</arg>
<doc>Verifies that element ``locator`` is found on the current page.</doc>
<msg timestamp="20231219 17:40:34.006" level="INFO">Current page contains element 'xpath://input[@name='nidn']'.</msg>
<status status="PASS" starttime="20231219 17:40:33.944" endtime="20231219 17:40:34.006"/>
</kw>
<kw name="Input Text" library="SeleniumLibrary">
<arg>name:nidn</arg>
<arg>${NIDN}</arg>
<doc>Types the given ``text`` into the text field identified by ``locator``.</doc>
<msg timestamp="20231219 17:40:34.013" level="INFO">Typing text '1818' into text field 'name:nidn'.</msg>
<status status="PASS" starttime="20231219 17:40:34.009" endtime="20231219 17:40:34.439"/>
</kw>
<kw name="Input Text" library="SeleniumLibrary">
<arg>name:nama_dosen</arg>
<arg>${NAMA_DOSEN}</arg>
<doc>Types the given ``text`` into the text field identified by ``locator``.</doc>
<msg timestamp="20231219 17:40:34.446" level="INFO">Typing text 'Dewa Irtzadhany' into text field 'name:nama_dosen'.</msg>
<status status="PASS" starttime="20231219 17:40:34.442" endtime="20231219 17:40:34.906"/>
</kw>
<kw name="Click Element" library="SeleniumLibrary">
<arg>xpath://input[@type='submit']</arg>
<doc>Click the element identified by ``locator``.</doc>
<msg timestamp="20231219 17:40:34.912" level="INFO">Clicking element 'xpath://input[@type='submit']'.</msg>
<status status="PASS" starttime="20231219 17:40:34.906" endtime="20231219 17:40:36.185"/>
</kw>
<kw name="Alert Should Be Present" library="SeleniumLibrary">
<arg>text=Record berhasil berubah</arg>
<doc>Verifies that an alert is present and by default, accepts it.</doc>
<msg timestamp="20231219 17:40:36.191" level="INFO">HANDLE::&lt;class 'NoneType'&gt;::None</msg>
<status status="PASS" starttime="20231219 17:40:36.187" endtime="20231219 17:40:36.226"/>
</kw>
<kw name="Close Browser" library="SeleniumLibrary">
<doc>Closes the current browser.</doc>
<status status="PASS" starttime="20231219 17:40:36.226" endtime="20231219 17:40:38.613"/>
</kw>
<status status="PASS" starttime="20231219 17:40:26.517" endtime="20231219 17:40:38.613"/>
</test>
<test id="s1-s1-s1-t5" name="testcase-5" line="47">
<kw name="Login Success">
<kw name="Open Browser" library="SeleniumLibrary">
<arg>${HOST}</arg>
<arg>${BROWSER}</arg>
<doc>Opens a new browser instance to the optional ``url``.</doc>
<msg timestamp="20231219 17:40:38.640" level="INFO">Opening browser 'edge' to base url 'http://127.0.0.1/pujikom/login.php'.</msg>
<status status="PASS" starttime="20231219 17:40:38.638" endtime="20231219 17:40:44.624"/>
</kw>
<kw name="Page Should Contain Element" library="SeleniumLibrary">
<arg>xpath://input[@name='username']</arg>
<doc>Verifies that element ``locator`` is found on the current page.</doc>
<msg timestamp="20231219 17:40:44.663" level="INFO">Current page contains element 'xpath://input[@name='username']'.</msg>
<status status="PASS" starttime="20231219 17:40:44.624" endtime="20231219 17:40:44.663"/>
</kw>
<kw name="Input Text" library="SeleniumLibrary">
<arg>name:username</arg>
<arg>${EMAIL}</arg>
<doc>Types the given ``text`` into the text field identified by ``locator``.</doc>
<msg timestamp="20231219 17:40:44.667" level="INFO">Typing text 'admin' into text field 'name:username'.</msg>
<status status="PASS" starttime="20231219 17:40:44.667" endtime="20231219 17:40:44.887"/>
</kw>
<kw name="Input Text" library="SeleniumLibrary">
<arg>name:password</arg>
<arg>${PASS-1}</arg>
<doc>Types the given ``text`` into the text field identified by ``locator``.</doc>
<msg timestamp="20231219 17:40:44.895" level="INFO">Typing text 'admin' into text field 'name:password'.</msg>
<status status="PASS" starttime="20231219 17:40:44.894" endtime="20231219 17:40:45.054"/>
</kw>
<kw name="Click Element" library="SeleniumLibrary">
<arg>xpath://input[@type='submit']</arg>
<doc>Click the element identified by ``locator``.</doc>
<msg timestamp="20231219 17:40:45.057" level="INFO">Clicking element 'xpath://input[@type='submit']'.</msg>
<status status="PASS" starttime="20231219 17:40:45.054" endtime="20231219 17:40:45.237"/>
</kw>
<kw name="Page Should Contain Element" library="SeleniumLibrary">
<arg>xpath://a[@href='logout.php']</arg>
<doc>Verifies that element ``locator`` is found on the current page.</doc>
<msg timestamp="20231219 17:40:45.266" level="INFO">Current page contains element 'xpath://a[@href='logout.php']'.</msg>
<status status="PASS" starttime="20231219 17:40:45.238" endtime="20231219 17:40:45.266"/>
</kw>
<status status="PASS" starttime="20231219 17:40:38.635" endtime="20231219 17:40:45.266"/>
</kw>
<kw name="Click Element" library="SeleniumLibrary">
<arg>xpath://a[@href='dosen/index.php']</arg>
<doc>Click the element identified by ``locator``.</doc>
<msg timestamp="20231219 17:40:45.269" level="INFO">Clicking element 'xpath://a[@href='dosen/index.php']'.</msg>
<status status="PASS" starttime="20231219 17:40:45.266" endtime="20231219 17:40:46.337"/>
</kw>
<kw name="Click Element" library="SeleniumLibrary">
<arg>xpath://a[@href='delete.php?id=1818']</arg>
<doc>Click the element identified by ``locator``.</doc>
<msg timestamp="20231219 17:40:46.344" level="INFO">Clicking element 'xpath://a[@href='delete.php?id=1818']'.</msg>
<status status="PASS" starttime="20231219 17:40:46.340" endtime="20231219 17:40:47.132"/>
</kw>
<kw name="Alert Should Be Present" library="SeleniumLibrary">
<arg>text=Record berhasil berubah</arg>
<doc>Verifies that an alert is present and by default, accepts it.</doc>
<msg timestamp="20231219 17:40:47.137" level="INFO">HANDLE::&lt;class 'NoneType'&gt;::None</msg>
<status status="PASS" starttime="20231219 17:40:47.134" endtime="20231219 17:40:47.163"/>
</kw>
<kw name="Close Browser" library="SeleniumLibrary">
<doc>Closes the current browser.</doc>
<status status="PASS" starttime="20231219 17:40:47.171" endtime="20231219 17:40:49.534"/>
</kw>
<status status="PASS" starttime="20231219 17:40:38.624" endtime="20231219 17:40:49.538"/>
</test>
<status status="PASS" starttime="20231219 17:39:58.621" endtime="20231219 17:40:49.543"/>
</suite>
<status status="PASS" starttime="20231219 17:39:58.143" endtime="20231219 17:40:49.566"/>
</suite>
<status status="PASS" starttime="20231219 17:39:58.111" endtime="20231219 17:40:49.579"/>
</suite>
<statistics>
<total>
<stat pass="5" fail="0" skip="0">All Tests</stat>
</total>
<tag>
</tag>
<suite>
<stat pass="5" fail="0" skip="0" id="s1" name="Automate-Test">Automate-Test</stat>
<stat pass="5" fail="0" skip="0" id="s1-s1" name="Project-Demo">Automate-Test.Project-Demo</stat>
<stat pass="5" fail="0" skip="0" id="s1-s1-s1" name="Test-Suite-1">Automate-Test.Project-Demo.Test-Suite-1</stat>
</suite>
</statistics>
<errors>
</errors>
</robot>
